<?xml version="1.0" encoding="UTF-8"?>
<testsuite xmlns:xsi="http://www.w3.org/2001/XMLSchema-instance" xsi:noNamespaceSchemaLocation="https://maven.apache.org/surefire/maven-surefire-plugin/xsd/surefire-test-report.xsd" name="com.alex.homework4example.repository.AccountRepositoryTest" time="0.121" tests="7" errors="0" skipped="0" failures="0">
  <properties>
[...]
</properties>
  <testcase name="testCreateAccount" classname="com.alex.homework4example.repository.AccountRepositoryTest" time="0"/>
  <testcase name="testUpdateAccount" classname="com.alex.homework4example.repository.AccountRepositoryTest" time="0.002"/>
  <testcase name="testFindById" classname="com.alex.homework4example.repository.AccountRepositoryTest" time="0.003"/>
  <testcase name="testFindAllWithCustomerFetch" classname="com.alex.homework4example.repository.AccountRepositoryTest" time="0.015"/>
  <testcase name="testDeleteAccount" classname="com.alex.homework4example.repository.AccountRepositoryTest" time="0.006"/>
  <testcase name="testFindAllWithCustomerEntityGraph" classname="com.alex.homework4example.repository.AccountRepositoryTest" time="0.087"/>
  <testcase name="testFindAllWithCustomerFetchJPQL" classname="com.alex.homework4example.repository.AccountRepositoryTest" time="0.008"/>
</testsuite>