-------------------------------------------------------------------------------
Test set: com.alex.homework4example.controller.AddressControllerTest
-------------------------------------------------------------------------------
Tests run: 8, Failures: 8, Errors: 0, Skipped: 0, Time elapsed: 0.055 s <<< FAILURE! - in com.alex.homework4example.controller.AddressControllerTest
getAddressById  Time elapsed: 0.002 s  <<< FAILURE!
java.lang.AssertionError: Status expected:<200> but was:<500>
	at com.alex.homework4example.controller.AddressControllerTest.obtainJwtToken(AddressControllerTest.java:64)
	at com.alex.homework4example.controller.AddressControllerTest.setUp(AddressControllerTest.java:54)

deleteAddress  Time elapsed: 0.007 s  <<< FAILURE!
java.lang.AssertionError: Status expected:<200> but was:<500>
	at com.alex.homework4example.controller.AddressControllerTest.obtainJwtToken(AddressControllerTest.java:64)
	at com.alex.homework4example.controller.AddressControllerTest.setUp(AddressControllerTest.java:54)

getAddressById_NotFound  Time elapsed: 0.007 s  <<< FAILURE!
java.lang.AssertionError: Status expected:<200> but was:<500>
	at com.alex.homework4example.controller.AddressControllerTest.obtainJwtToken(AddressControllerTest.java:64)
	at com.alex.homework4example.controller.AddressControllerTest.setUp(AddressControllerTest.java:54)

getAllAddresses  Time elapsed: 0.006 s  <<< FAILURE!
java.lang.AssertionError: Status expected:<200> but was:<500>
	at com.alex.homework4example.controller.AddressControllerTest.obtainJwtToken(AddressControllerTest.java:64)
	at com.alex.homework4example.controller.AddressControllerTest.setUp(AddressControllerTest.java:54)

accessWithoutToken_ShouldReturnUnauthorized  Time elapsed: 0.008 s  <<< FAILURE!
java.lang.AssertionError: Status expected:<200> but was:<500>
	at com.alex.homework4example.controller.AddressControllerTest.obtainJwtToken(AddressControllerTest.java:64)
	at com.alex.homework4example.controller.AddressControllerTest.setUp(AddressControllerTest.java:54)

updateAddress_NotFound  Time elapsed: 0.007 s  <<< FAILURE!
java.lang.AssertionError: Status expected:<200> but was:<500>
	at com.alex.homework4example.controller.AddressControllerTest.obtainJwtToken(AddressControllerTest.java:64)
	at com.alex.homework4example.controller.AddressControllerTest.setUp(AddressControllerTest.java:54)

createAddress  Time elapsed: 0.007 s  <<< FAILURE!
java.lang.AssertionError: Status expected:<200> but was:<500>
	at com.alex.homework4example.controller.AddressControllerTest.obtainJwtToken(AddressControllerTest.java:64)
	at com.alex.homework4example.controller.AddressControllerTest.setUp(AddressControllerTest.java:54)

updateAddress  Time elapsed: 0.007 s  <<< FAILURE!
java.lang.AssertionError: Status expected:<200> but was:<500>
	at com.alex.homework4example.controller.AddressControllerTest.obtainJwtToken(AddressControllerTest.java:64)
	at com.alex.homework4example.controller.AddressControllerTest.setUp(AddressControllerTest.java:54)

