-------------------------------------------------------------------------------
Test set: com.alex.homework4example.controller.CardControllerTest
-------------------------------------------------------------------------------
Tests run: 6, Failures: 6, Errors: 0, Skipped: 0, Time elapsed: 0.052 s <<< FAILURE! - in com.alex.homework4example.controller.CardControllerTest
getCardById_NotFound  Time elapsed: 0 s  <<< FAILURE!
java.lang.AssertionError: Status expected:<200> but was:<500>
	at com.alex.homework4example.controller.CardControllerTest.obtainJwtToken(CardControllerTest.java:64)
	at com.alex.homework4example.controller.CardControllerTest.setUp(CardControllerTest.java:54)

getAllCards  Time elapsed: 0.013 s  <<< FAILURE!
java.lang.AssertionError: Status expected:<200> but was:<500>
	at com.alex.homework4example.controller.CardControllerTest.obtainJwtToken(CardControllerTest.java:64)
	at com.alex.homework4example.controller.CardControllerTest.setUp(CardControllerTest.java:54)

updateCard  Time elapsed: 0.01 s  <<< FAILURE!
java.lang.AssertionError: Status expected:<200> but was:<500>
	at com.alex.homework4example.controller.CardControllerTest.obtainJwtToken(CardControllerTest.java:64)
	at com.alex.homework4example.controller.CardControllerTest.setUp(CardControllerTest.java:54)

accessWithoutToken_ShouldReturnUnauthorized  Time elapsed: 0.01 s  <<< FAILURE!
java.lang.AssertionError: Status expected:<200> but was:<500>
	at com.alex.homework4example.controller.CardControllerTest.obtainJwtToken(CardControllerTest.java:64)
	at com.alex.homework4example.controller.CardControllerTest.setUp(CardControllerTest.java:54)

createCard  Time elapsed: 0.009 s  <<< FAILURE!
java.lang.AssertionError: Status expected:<200> but was:<500>
	at com.alex.homework4example.controller.CardControllerTest.obtainJwtToken(CardControllerTest.java:64)
	at com.alex.homework4example.controller.CardControllerTest.setUp(CardControllerTest.java:54)

deleteCard  Time elapsed: 0.008 s  <<< FAILURE!
java.lang.AssertionError: Status expected:<200> but was:<500>
	at com.alex.homework4example.controller.CardControllerTest.obtainJwtToken(CardControllerTest.java:64)
	at com.alex.homework4example.controller.CardControllerTest.setUp(CardControllerTest.java:54)

