-------------------------------------------------------------------------------
Test set: com.alex.homework4example.controller.AccountControllerTest
-------------------------------------------------------------------------------
Tests run: 6, Failures: 6, Errors: 0, Skipped: 0, Time elapsed: 0.039 s <<< FAILURE! - in com.alex.homework4example.controller.AccountControllerTest
deleteAccount  Time elapsed: 0 s  <<< FAILURE!
java.lang.AssertionError: Status expected:<200> but was:<500>
	at com.alex.homework4example.controller.AccountControllerTest.obtainJwtToken(AccountControllerTest.java:66)
	at com.alex.homework4example.controller.AccountControllerTest.setUp(AccountControllerTest.java:55)

accessWithoutToken_ShouldReturnUnauthorized  Time elapsed: 0.003 s  <<< FAILURE!
java.lang.AssertionError: Status expected:<200> but was:<500>
	at com.alex.homework4example.controller.AccountControllerTest.obtainJwtToken(AccountControllerTest.java:66)
	at com.alex.homework4example.controller.AccountControllerTest.setUp(AccountControllerTest.java:55)

createAccount  Time elapsed: 0.01 s  <<< FAILURE!
java.lang.AssertionError: Status expected:<200> but was:<500>
	at com.alex.homework4example.controller.AccountControllerTest.obtainJwtToken(AccountControllerTest.java:66)
	at com.alex.homework4example.controller.AccountControllerTest.setUp(AccountControllerTest.java:55)

updateAccount  Time elapsed: 0.008 s  <<< FAILURE!
java.lang.AssertionError: Status expected:<200> but was:<500>
	at com.alex.homework4example.controller.AccountControllerTest.obtainJwtToken(AccountControllerTest.java:66)
	at com.alex.homework4example.controller.AccountControllerTest.setUp(AccountControllerTest.java:55)

getAllAccounts  Time elapsed: 0.009 s  <<< FAILURE!
java.lang.AssertionError: Status expected:<200> but was:<500>
	at com.alex.homework4example.controller.AccountControllerTest.obtainJwtToken(AccountControllerTest.java:66)
	at com.alex.homework4example.controller.AccountControllerTest.setUp(AccountControllerTest.java:55)

getAccountById_NotFound  Time elapsed: 0.008 s  <<< FAILURE!
java.lang.AssertionError: Status expected:<200> but was:<500>
	at com.alex.homework4example.controller.AccountControllerTest.obtainJwtToken(AccountControllerTest.java:66)
	at com.alex.homework4example.controller.AccountControllerTest.setUp(AccountControllerTest.java:55)

