<?xml version="1.0" encoding="UTF-8"?>
<testsuite xmlns:xsi="http://www.w3.org/2001/XMLSchema-instance" xsi:noNamespaceSchemaLocation="https://maven.apache.org/surefire/maven-surefire-plugin/xsd/surefire-test-report.xsd" name="com.alex.homework4example.service.impl.AddressServiceImplTest" time="0.91" tests="5" errors="0" skipped="0" failures="0">
  <properties>
[...]
</properties>
  <testcase name="testCreateAddress" classname="com.alex.homework4example.service.impl.AddressServiceImplTest" time="0.886"/>
  <testcase name="testFindAll" classname="com.alex.homework4example.service.impl.AddressServiceImplTest" time="0.005"/>
  <testcase name="testUpdateAddress" classname="com.alex.homework4example.service.impl.AddressServiceImplTest" time="0.006"/>
  <testcase name="testFindById" classname="com.alex.homework4example.service.impl.AddressServiceImplTest" time="0.005"/>
  <testcase name="testDeleteById" classname="com.alex.homework4example.service.impl.AddressServiceImplTest" time="0.003"/>
</testsuite>